<?xml version="1.0" encoding="UTF-8"?>
<!-- Generated by org.testng.reporters.JUnitReportReporter -->
<testsuite skipped="0" hostname="LAPTOP-TCDUCFMQ" name="files.DynamicJson" tests="3" failures="0" timestamp="2020-07-26T10:45:21 PDT" time="4.486" errors="0">
  <testcase name="addBook" time="0.651" classname="files.DynamicJson"/>
  <system-out/>
  <testcase name="addBook" time="0.655" classname="files.DynamicJson"/>
  <system-out/>
  <testcase name="addBook" time="3.180" classname="files.DynamicJson"/>
  <system-out/>
</testsuite> <!-- files.DynamicJson -->
