<?xml version="1.0" encoding="UTF-8"?>
<!-- Generated by org.testng.reporters.JUnitReportReporter -->
<testsuite skipped="0" hostname="LAPTOP-TCDUCFMQ" name="SumValidation" tests="1" failures="0" timestamp="2020-07-25T22:00:35 PDT" time="1.296" errors="0">
  <testcase name="sumOfCourse" time="1.296" classname="SumValidation"/>
  <system-out/>
</testsuite> <!-- SumValidation -->
